<?xml version="1.0" encoding="UTF-8"?>
<!-- Generated by org.testng.reporters.JUnitReportReporter -->
<testsuite hostname="DESKTOP-MMOB49H" failures="0" tests="1" name="com.soc.testscript.CustModule" time="11.612" errors="0" timestamp="2024-09-12T13:18:25 IST" skipped="0">
  <testcase classname="com.soc.testscript.CustModule" name="testCreatCust" time="11.612"/>
  <system-out>
    <![CDATA[Create Customer Module]]>
  </system-out>
</testsuite> <!-- com.soc.testscript.CustModule -->
